#
# There is insufficient memory for the Java Runtime Environment to continue.
# Native memory allocation (mmap) failed to map 65536 bytes. Error detail: Failed to commit metaspace.
# Possible reasons:
#   The system is out of physical RAM or swap space
#   This process is running with CompressedOops enabled, and the Java Heap may be blocking the growth of the native heap
# Possible solutions:
#   Reduce memory load on the system
#   Increase physical memory or swap space
#   Check if swap backing store is full
#   Decrease Java heap size (-Xmx/-Xms)
#   Decrease number of Java threads
#   Decrease Java thread stack sizes (-Xss)
#   Set larger code cache with -XX:ReservedCodeCacheSize=
#   JVM is running with Unscaled Compressed Oops mode in which the Java heap is
#     placed in the first 4GB address space. The Java Heap base address is the
#     maximum limit for the native heap growth. Please use -XX:HeapBaseMinAddress
#     to set the Java Heap base and to place the Java Heap above 4GB virtual address.
# This output file may be truncated or incomplete.
#
#  Out of Memory Error (virtualSpaceNode.cpp:113), pid=3580, tid=10876
#
# JRE version: OpenJDK Runtime Environment (21.0.5) (build 21.0.5+-12932927-b750.29)
# Java VM: OpenJDK 64-Bit Server VM (21.0.5+-12932927-b750.29, mixed mode, tiered, compressed oops, compressed class ptrs, g1 gc, windows-amd64)
# No core dump will be written. Minidumps are not enabled by default on client versions of Windows
#

---------------  S U M M A R Y ------------

Command Line: git4idea.http.GitAskPassApp Username for 'https://github.com': 

Host: Intel(R) Core(TM) i7-6500U CPU @ 2.50GHz, 4 cores, 7G,  Windows 10 , 64 bit Build 19041 (10.0.19041.5438)
Time: Sat Apr  5 06:40:30 2025 Pacific Daylight Time elapsed time: 2.216887 seconds (0d 0h 0m 2s)

---------------  T H R E A D  ---------------

Current thread (0x00000182ddf507f0):  JavaThread "main"             [_thread_in_vm, id=10876, stack(0x0000002622f00000,0x0000002623000000) (1024K)]

Stack: [0x0000002622f00000,0x0000002623000000]
Native frames: (J=compiled Java code, j=interpreted, Vv=VM code, C=native code)
V  [jvm.dll+0x6cfb29]
V  [jvm.dll+0x85ded3]
V  [jvm.dll+0x86042e]
V  [jvm.dll+0x860b13]
V  [jvm.dll+0x27e6b6]
V  [jvm.dll+0x858dae]
V  [jvm.dll+0x673d95]
V  [jvm.dll+0x673dfa]
V  [jvm.dll+0x676656]
V  [jvm.dll+0x676522]
V  [jvm.dll+0x67478e]
V  [jvm.dll+0x67e7b7]
V  [jvm.dll+0x214eac]
V  [jvm.dll+0x2153f5]
V  [jvm.dll+0x215dd6]
V  [jvm.dll+0x20ae29]
V  [jvm.dll+0x5b1d63]
V  [jvm.dll+0x21c86b]
V  [jvm.dll+0x7d555c]
V  [jvm.dll+0x7d6602]
V  [jvm.dll+0x7d6bc4]
V  [jvm.dll+0x7d6858]
V  [jvm.dll+0x26d41b]
V  [jvm.dll+0x3d4f2e]
C  0x00000182ea84a816

The last pc belongs to new (printed below).
Java frames: (J=compiled Java code, j=interpreted, Vv=VM code)
j  java.util.regex.Pattern.<clinit>()V+16 java.base@21.0.5
v  ~StubRoutines::call_stub 0x00000182ea83100d
j  sun.security.util.DisabledAlgorithmConstraints.<clinit>()V+13 java.base@21.0.5
v  ~StubRoutines::call_stub 0x00000182ea83100d
j  sun.security.ssl.SSLAlgorithmConstraints.<clinit>()V+0 java.base@21.0.5
v  ~StubRoutines::call_stub 0x00000182ea83100d
j  sun.security.ssl.ProtocolVersion.<init>(Ljava/lang/String;IILjava/lang/String;Z)V+47 java.base@21.0.5
j  sun.security.ssl.ProtocolVersion.<clinit>()V+13 java.base@21.0.5
v  ~StubRoutines::call_stub 0x00000182ea83100d
j  sun.security.ssl.SSLContextImpl$AbstractTLSContext.<clinit>()V+7 java.base@21.0.5
v  ~StubRoutines::call_stub 0x00000182ea83100d
j  java.lang.Class.forName0(Ljava/lang/String;ZLjava/lang/ClassLoader;Ljava/lang/Class;)Ljava/lang/Class;+0 java.base@21.0.5
j  java.lang.Class.forName(Ljava/lang/String;Ljava/lang/Class;)Ljava/lang/Class;+19 java.base@21.0.5
j  java.lang.Class.forName(Ljava/lang/String;)Ljava/lang/Class;+6 java.base@21.0.5
j  java.security.Provider$Service.getImplClass()Ljava/lang/Class;+64 java.base@21.0.5
j  java.security.Provider$Service.getDefaultConstructor()Ljava/lang/reflect/Constructor;+46 java.base@21.0.5
j  java.security.Provider$Service.newInstanceOf()Ljava/lang/Object;+1 java.base@21.0.5
j  java.security.Provider$Service.newInstanceUtil(Ljava/lang/Class;Ljava/lang/Object;)Ljava/lang/Object;+5 java.base@21.0.5
j  java.security.Provider$Service.newInstance(Ljava/lang/Object;)Ljava/lang/Object;+216 java.base@21.0.5
j  sun.security.jca.GetInstance.getInstance(Ljava/security/Provider$Service;Ljava/lang/Class;)Lsun/security/jca/GetInstance$Instance;+2 java.base@21.0.5
j  sun.security.jca.GetInstance.getInstance(Ljava/lang/String;Ljava/lang/Class;Ljava/lang/String;)Lsun/security/jca/GetInstance$Instance;+56 java.base@21.0.5
j  javax.net.ssl.SSLContext.getInstance(Ljava/lang/String;)Ljavax/net/ssl/SSLContext;+12 java.base@21.0.5
j  externalApp.ExternalAppUtil.sendIdeRequest(Ljava/lang/String;ILjava/lang/String;Ljava/lang/String;)LexternalApp/ExternalAppUtil$Result;+34
j  git4idea.http.GitAskPassApp.main([Ljava/lang/String;)V+37
v  ~StubRoutines::call_stub 0x00000182ea83100d
new  187 new  [0x00000182ea84a6a0, 0x00000182ea84a8a0]  512 bytes
[MachCode]
  0x00000182ea84a6a0: 4883 ec08 | c5fa 1104 | 24eb 1f48 | 83ec 10c5 | fb11 0424 | eb14 4883 | ec10 4889 | 0424 48c7 
  0x00000182ea84a6c0: 4424 0800 | 0000 00eb | 0150 410f | b755 010f | cac1 ea10 | 488b 4de8 | 488b 4908 | 488b 4908 
  0x00000182ea84a6e0: 488b 4108 | 807c 1004 | 070f 85ca | 0000 0066 | 8b54 d148 | 488b 4928 | 488b 4cd1 | 0851 80b9 
  0x00000182ea84a700: 4101 0000 | 040f 85ad | 0000 008b | 5108 f6c2 | 010f 85a1 | 0000 0049 | 8b87 b801 | 0000 488d 
  0x00000182ea84a720: 1c10 493b | 9fc8 0100 | 000f 8789 | 0000 0049 | 899f b801 | 0000 4883 | ea10 0f84 | 0f00 0000 
  0x00000182ea84a740: 33c9 c1ea | 0348 894c | d008 48ff | ca75 f648 | c700 0100 | 0000 5933 | f689 700c | 48c1 e903 
  0x00000182ea84a760: 8948 0849 | ba41 47d2 | d5fb 7f00 | 0041 803a | 000f 843c | 0000 0050 | 488b c848 | 83ec 2040 
  0x00000182ea84a780: f6c4 0f0f | 8419 0000 | 0048 83ec | 0848 b810 | 6c8c d5fb | 7f00 00ff | d048 83c4 | 08e9 0c00 
  0x00000182ea84a7a0: 0000 48b8 | 106c 8cd5 | fb7f 0000 | ffd0 4883 | c420 58e9 | cb00 0000 | 5948 8b55 | e848 8b52 
  0x00000182ea84a7c0: 0848 8b52 | 0845 0fb7 | 4501 410f | c841 c1e8 | 10e8 0500 | 0000 e9a8 | 0000 0048 | 8d44 2408 
  0x00000182ea84a7e0: 4c89 6dc0 | 498b cfc5 | f877 4989 | afa8 0300 | 0049 8987 | 9803 0000 | 4883 ec20 | 40f6 c40f 
  0x00000182ea84a800: 0f84 1900 | 0000 4883 | ec08 48b8 | e04e 56d5 | fb7f 0000 | ffd0 4883 | c408 e90c | 0000 0048 
  0x00000182ea84a820: b8e0 4e56 | d5fb 7f00 | 00ff d048 | 83c4 2049 | c787 9803 | 0000 0000 | 0000 49c7 | 87a8 0300 
  0x00000182ea84a840: 0000 0000 | 0049 c787 | a003 0000 | 0000 0000 | c5f8 7749 | 837f 0800 | 0f84 0500 | 0000 e99d 
  0x00000182ea84a860: 66fe ff49 | 8b87 f003 | 0000 49c7 | 87f0 0300 | 0000 0000 | 004c 8b6d | c04c 8b75 | c84e 8d74 
  0x00000182ea84a880: f500 c341 | 0fb6 5d03 | 4983 c503 | 49ba 3011 | d5d5 fb7f | 0000 41ff | 24da 660f | 1f44 0000 
[/MachCode]

---------------  P R O C E S S  ---------------

Threads class SMR info:
_java_thread_list=0x00000182f73b5d80, length=11, elements={
0x00000182ddf507f0, 0x00000182f71f9520, 0x00000182f71fb1e0, 0x00000182f71fc010,
0x00000182f7210e10, 0x00000182f7211860, 0x00000182f72122b0, 0x00000182f7222630,
0x00000182f72230c0, 0x00000182f73b5440, 0x00000182f73c44a0
}

Java Threads: ( => current thread )
=>0x00000182ddf507f0 JavaThread "main"                              [_thread_in_vm, id=10876, stack(0x0000002622f00000,0x0000002623000000) (1024K)]
  0x00000182f71f9520 JavaThread "Reference Handler"          daemon [_thread_blocked, id=12756, stack(0x0000002623700000,0x0000002623800000) (1024K)]
  0x00000182f71fb1e0 JavaThread "Finalizer"                  daemon [_thread_blocked, id=1020, stack(0x0000002623800000,0x0000002623900000) (1024K)]
  0x00000182f71fc010 JavaThread "Signal Dispatcher"          daemon [_thread_blocked, id=14704, stack(0x0000002623900000,0x0000002623a00000) (1024K)]
  0x00000182f7210e10 JavaThread "Attach Listener"            daemon [_thread_blocked, id=6328, stack(0x0000002623a00000,0x0000002623b00000) (1024K)]
  0x00000182f7211860 JavaThread "Service Thread"             daemon [_thread_blocked, id=14308, stack(0x0000002623b00000,0x0000002623c00000) (1024K)]
  0x00000182f72122b0 JavaThread "Monitor Deflation Thread"   daemon [_thread_blocked, id=15548, stack(0x0000002623c00000,0x0000002623d00000) (1024K)]
  0x00000182f7222630 JavaThread "C2 CompilerThread0"         daemon [_thread_blocked, id=9640, stack(0x0000002623d00000,0x0000002623e00000) (1024K)]
  0x00000182f72230c0 JavaThread "C1 CompilerThread0"         daemon [_thread_blocked, id=2116, stack(0x0000002623e00000,0x0000002623f00000) (1024K)]
  0x00000182f73b5440 JavaThread "Notification Thread"        daemon [_thread_blocked, id=9988, stack(0x0000002623f00000,0x0000002624000000) (1024K)]
  0x00000182f73c44a0 JavaThread "Common-Cleaner"             daemon [_thread_blocked, id=16564, stack(0x0000002624000000,0x0000002624100000) (1024K)]
Total: 11

Other Threads:
  0x00000182f6f3e320 VMThread "VM Thread"                           [id=7856, stack(0x0000002623600000,0x0000002623700000) (1024K)]
  0x00000182f6ede5a0 WatcherThread "VM Periodic Task Thread"        [id=11676, stack(0x0000002623500000,0x0000002623600000) (1024K)]
  0x00000182e01ef0f0 WorkerThread "GC Thread#0"                     [id=648, stack(0x0000002623000000,0x0000002623100000) (1024K)]
  0x00000182e02005a0 ConcurrentGCThread "G1 Main Marker"            [id=16352, stack(0x0000002623100000,0x0000002623200000) (1024K)]
  0x00000182e02010a0 WorkerThread "G1 Conc#0"                       [id=10264, stack(0x0000002623200000,0x0000002623300000) (1024K)]
  0x00000182f6db20c0 ConcurrentGCThread "G1 Refine#0"               [id=11368, stack(0x0000002623300000,0x0000002623400000) (1024K)]
  0x00000182e026a0b0 ConcurrentGCThread "G1 Service"                [id=8376, stack(0x0000002623400000,0x0000002623500000) (1024K)]
Total: 7

Threads with active compile tasks:
Total: 0

VM state: not at safepoint (normal execution)

VM Mutex/Monitor currently owned by a thread:  ([mutex/lock_event])
[0x00007ffbd5d3b160] Metaspace_lock - owner thread: 0x00000182ddf507f0

Heap address: 0x0000000082200000, size: 2014 MB, Compressed Oops mode: 32-bit

CDS archive(s) not mapped
Compressed class space mapped at: 0x0000000100000000-0x0000000140000000, reserved size: 1073741824
Narrow klass base: 0x0000000000000000, Narrow klass shift: 3, Narrow klass range: 0x140000000

GC Precious Log:
 CardTable entry size: 512
 Card Set container configuration: InlinePtr #cards 5 size 8 Array Of Cards #cards 12 size 40 Howl #buckets 4 coarsen threshold 1843 Howl Bitmap #cards 512 size 80 coarsen threshold 460 Card regions per heap region 1 cards per card region 2048
 CPUs: 4 total, 4 available
 Memory: 8053M
 Large Page Support: Disabled
 NUMA Support: Disabled
 Compressed Oops: Enabled (32-bit)
 Heap Region Size: 1M
 Heap Min Capacity: 8M
 Heap Initial Capacity: 126M
 Heap Max Capacity: 2014M
 Pre-touch: Disabled
 Parallel Workers: 4
 Concurrent Workers: 1
 Concurrent Refinement Workers: 4
 Periodic GC: Disabled

Heap:
 garbage-first heap   total 129024K, used 2048K [0x0000000082200000, 0x0000000100000000)
  region size 1024K, 3 young (3072K), 0 survivors (0K)
 Metaspace       used 7672K, committed 7808K, reserved 1114112K
  class space    used 681K, committed 768K, reserved 1048576K

Heap Regions: E=young(eden), S=young(survivor), O=old, HS=humongous(starts), HC=humongous(continues), CS=collection set, F=free, TAMS=top-at-mark-start, PB=parsable bottom
|   0|0x0000000082200000, 0x0000000082200000, 0x0000000082300000|  0%| F|  |TAMS 0x0000000082200000| PB 0x0000000082200000| Untracked 
|   1|0x0000000082300000, 0x0000000082300000, 0x0000000082400000|  0%| F|  |TAMS 0x0000000082300000| PB 0x0000000082300000| Untracked 
|   2|0x0000000082400000, 0x0000000082400000, 0x0000000082500000|  0%| F|  |TAMS 0x0000000082400000| PB 0x0000000082400000| Untracked 
|   3|0x0000000082500000, 0x0000000082500000, 0x0000000082600000|  0%| F|  |TAMS 0x0000000082500000| PB 0x0000000082500000| Untracked 
|   4|0x0000000082600000, 0x0000000082600000, 0x0000000082700000|  0%| F|  |TAMS 0x0000000082600000| PB 0x0000000082600000| Untracked 
|   5|0x0000000082700000, 0x0000000082700000, 0x0000000082800000|  0%| F|  |TAMS 0x0000000082700000| PB 0x0000000082700000| Untracked 
|   6|0x0000000082800000, 0x0000000082800000, 0x0000000082900000|  0%| F|  |TAMS 0x0000000082800000| PB 0x0000000082800000| Untracked 
|   7|0x0000000082900000, 0x0000000082900000, 0x0000000082a00000|  0%| F|  |TAMS 0x0000000082900000| PB 0x0000000082900000| Untracked 
|   8|0x0000000082a00000, 0x0000000082a00000, 0x0000000082b00000|  0%| F|  |TAMS 0x0000000082a00000| PB 0x0000000082a00000| Untracked 
|   9|0x0000000082b00000, 0x0000000082b00000, 0x0000000082c00000|  0%| F|  |TAMS 0x0000000082b00000| PB 0x0000000082b00000| Untracked 
|  10|0x0000000082c00000, 0x0000000082c00000, 0x0000000082d00000|  0%| F|  |TAMS 0x0000000082c00000| PB 0x0000000082c00000| Untracked 
|  11|0x0000000082d00000, 0x0000000082d00000, 0x0000000082e00000|  0%| F|  |TAMS 0x0000000082d00000| PB 0x0000000082d00000| Untracked 
|  12|0x0000000082e00000, 0x0000000082e00000, 0x0000000082f00000|  0%| F|  |TAMS 0x0000000082e00000| PB 0x0000000082e00000| Untracked 
|  13|0x0000000082f00000, 0x0000000082f00000, 0x0000000083000000|  0%| F|  |TAMS 0x0000000082f00000| PB 0x0000000082f00000| Untracked 
|  14|0x0000000083000000, 0x0000000083000000, 0x0000000083100000|  0%| F|  |TAMS 0x0000000083000000| PB 0x0000000083000000| Untracked 
|  15|0x0000000083100000, 0x0000000083100000, 0x0000000083200000|  0%| F|  |TAMS 0x0000000083100000| PB 0x0000000083100000| Untracked 
|  16|0x0000000083200000, 0x0000000083200000, 0x0000000083300000|  0%| F|  |TAMS 0x0000000083200000| PB 0x0000000083200000| Untracked 
|  17|0x0000000083300000, 0x0000000083300000, 0x0000000083400000|  0%| F|  |TAMS 0x0000000083300000| PB 0x0000000083300000| Untracked 
|  18|0x0000000083400000, 0x0000000083400000, 0x0000000083500000|  0%| F|  |TAMS 0x0000000083400000| PB 0x0000000083400000| Untracked 
|  19|0x0000000083500000, 0x0000000083500000, 0x0000000083600000|  0%| F|  |TAMS 0x0000000083500000| PB 0x0000000083500000| Untracked 
|  20|0x0000000083600000, 0x0000000083600000, 0x0000000083700000|  0%| F|  |TAMS 0x0000000083600000| PB 0x0000000083600000| Untracked 
|  21|0x0000000083700000, 0x0000000083700000, 0x0000000083800000|  0%| F|  |TAMS 0x0000000083700000| PB 0x0000000083700000| Untracked 
|  22|0x0000000083800000, 0x0000000083800000, 0x0000000083900000|  0%| F|  |TAMS 0x0000000083800000| PB 0x0000000083800000| Untracked 
|  23|0x0000000083900000, 0x0000000083900000, 0x0000000083a00000|  0%| F|  |TAMS 0x0000000083900000| PB 0x0000000083900000| Untracked 
|  24|0x0000000083a00000, 0x0000000083a00000, 0x0000000083b00000|  0%| F|  |TAMS 0x0000000083a00000| PB 0x0000000083a00000| Untracked 
|  25|0x0000000083b00000, 0x0000000083b00000, 0x0000000083c00000|  0%| F|  |TAMS 0x0000000083b00000| PB 0x0000000083b00000| Untracked 
|  26|0x0000000083c00000, 0x0000000083c00000, 0x0000000083d00000|  0%| F|  |TAMS 0x0000000083c00000| PB 0x0000000083c00000| Untracked 
|  27|0x0000000083d00000, 0x0000000083d00000, 0x0000000083e00000|  0%| F|  |TAMS 0x0000000083d00000| PB 0x0000000083d00000| Untracked 
|  28|0x0000000083e00000, 0x0000000083e00000, 0x0000000083f00000|  0%| F|  |TAMS 0x0000000083e00000| PB 0x0000000083e00000| Untracked 
|  29|0x0000000083f00000, 0x0000000083f00000, 0x0000000084000000|  0%| F|  |TAMS 0x0000000083f00000| PB 0x0000000083f00000| Untracked 
|  30|0x0000000084000000, 0x0000000084000000, 0x0000000084100000|  0%| F|  |TAMS 0x0000000084000000| PB 0x0000000084000000| Untracked 
|  31|0x0000000084100000, 0x0000000084100000, 0x0000000084200000|  0%| F|  |TAMS 0x0000000084100000| PB 0x0000000084100000| Untracked 
|  32|0x0000000084200000, 0x0000000084200000, 0x0000000084300000|  0%| F|  |TAMS 0x0000000084200000| PB 0x0000000084200000| Untracked 
|  33|0x0000000084300000, 0x0000000084300000, 0x0000000084400000|  0%| F|  |TAMS 0x0000000084300000| PB 0x0000000084300000| Untracked 
|  34|0x0000000084400000, 0x0000000084400000, 0x0000000084500000|  0%| F|  |TAMS 0x0000000084400000| PB 0x0000000084400000| Untracked 
|  35|0x0000000084500000, 0x0000000084500000, 0x0000000084600000|  0%| F|  |TAMS 0x0000000084500000| PB 0x0000000084500000| Untracked 
|  36|0x0000000084600000, 0x0000000084600000, 0x0000000084700000|  0%| F|  |TAMS 0x0000000084600000| PB 0x0000000084600000| Untracked 
|  37|0x0000000084700000, 0x0000000084700000, 0x0000000084800000|  0%| F|  |TAMS 0x0000000084700000| PB 0x0000000084700000| Untracked 
|  38|0x0000000084800000, 0x0000000084800000, 0x0000000084900000|  0%| F|  |TAMS 0x0000000084800000| PB 0x0000000084800000| Untracked 
|  39|0x0000000084900000, 0x0000000084900000, 0x0000000084a00000|  0%| F|  |TAMS 0x0000000084900000| PB 0x0000000084900000| Untracked 
|  40|0x0000000084a00000, 0x0000000084a00000, 0x0000000084b00000|  0%| F|  |TAMS 0x0000000084a00000| PB 0x0000000084a00000| Untracked 
|  41|0x0000000084b00000, 0x0000000084b00000, 0x0000000084c00000|  0%| F|  |TAMS 0x0000000084b00000| PB 0x0000000084b00000| Untracked 
|  42|0x0000000084c00000, 0x0000000084c00000, 0x0000000084d00000|  0%| F|  |TAMS 0x0000000084c00000| PB 0x0000000084c00000| Untracked 
|  43|0x0000000084d00000, 0x0000000084d00000, 0x0000000084e00000|  0%| F|  |TAMS 0x0000000084d00000| PB 0x0000000084d00000| Untracked 
|  44|0x0000000084e00000, 0x0000000084e00000, 0x0000000084f00000|  0%| F|  |TAMS 0x0000000084e00000| PB 0x0000000084e00000| Untracked 
|  45|0x0000000084f00000, 0x0000000084f00000, 0x0000000085000000|  0%| F|  |TAMS 0x0000000084f00000| PB 0x0000000084f00000| Untracked 
|  46|0x0000000085000000, 0x0000000085000000, 0x0000000085100000|  0%| F|  |TAMS 0x0000000085000000| PB 0x0000000085000000| Untracked 
|  47|0x0000000085100000, 0x0000000085100000, 0x0000000085200000|  0%| F|  |TAMS 0x0000000085100000| PB 0x0000000085100000| Untracked 
|  48|0x0000000085200000, 0x0000000085200000, 0x0000000085300000|  0%| F|  |TAMS 0x0000000085200000| PB 0x0000000085200000| Untracked 
|  49|0x0000000085300000, 0x0000000085300000, 0x0000000085400000|  0%| F|  |TAMS 0x0000000085300000| PB 0x0000000085300000| Untracked 
|  50|0x0000000085400000, 0x0000000085400000, 0x0000000085500000|  0%| F|  |TAMS 0x0000000085400000| PB 0x0000000085400000| Untracked 
|  51|0x0000000085500000, 0x0000000085500000, 0x0000000085600000|  0%| F|  |TAMS 0x0000000085500000| PB 0x0000000085500000| Untracked 
|  52|0x0000000085600000, 0x0000000085600000, 0x0000000085700000|  0%| F|  |TAMS 0x0000000085600000| PB 0x0000000085600000| Untracked 
|  53|0x0000000085700000, 0x0000000085700000, 0x0000000085800000|  0%| F|  |TAMS 0x0000000085700000| PB 0x0000000085700000| Untracked 
|  54|0x0000000085800000, 0x0000000085800000, 0x0000000085900000|  0%| F|  |TAMS 0x0000000085800000| PB 0x0000000085800000| Untracked 
|  55|0x0000000085900000, 0x0000000085900000, 0x0000000085a00000|  0%| F|  |TAMS 0x0000000085900000| PB 0x0000000085900000| Untracked 
|  56|0x0000000085a00000, 0x0000000085a00000, 0x0000000085b00000|  0%| F|  |TAMS 0x0000000085a00000| PB 0x0000000085a00000| Untracked 
|  57|0x0000000085b00000, 0x0000000085b00000, 0x0000000085c00000|  0%| F|  |TAMS 0x0000000085b00000| PB 0x0000000085b00000| Untracked 
|  58|0x0000000085c00000, 0x0000000085c00000, 0x0000000085d00000|  0%| F|  |TAMS 0x0000000085c00000| PB 0x0000000085c00000| Untracked 
|  59|0x0000000085d00000, 0x0000000085d00000, 0x0000000085e00000|  0%| F|  |TAMS 0x0000000085d00000| PB 0x0000000085d00000| Untracked 
|  60|0x0000000085e00000, 0x0000000085e00000, 0x0000000085f00000|  0%| F|  |TAMS 0x0000000085e00000| PB 0x0000000085e00000| Untracked 
|  61|0x0000000085f00000, 0x0000000085f00000, 0x0000000086000000|  0%| F|  |TAMS 0x0000000085f00000| PB 0x0000000085f00000| Untracked 
|  62|0x0000000086000000, 0x0000000086000000, 0x0000000086100000|  0%| F|  |TAMS 0x0000000086000000| PB 0x0000000086000000| Untracked 
|  63|0x0000000086100000, 0x0000000086100000, 0x0000000086200000|  0%| F|  |TAMS 0x0000000086100000| PB 0x0000000086100000| Untracked 
|  64|0x0000000086200000, 0x0000000086200000, 0x0000000086300000|  0%| F|  |TAMS 0x0000000086200000| PB 0x0000000086200000| Untracked 
|  65|0x0000000086300000, 0x0000000086300000, 0x0000000086400000|  0%| F|  |TAMS 0x0000000086300000| PB 0x0000000086300000| Untracked 
|  66|0x0000000086400000, 0x0000000086400000, 0x0000000086500000|  0%| F|  |TAMS 0x0000000086400000| PB 0x0000000086400000| Untracked 
|  67|0x0000000086500000, 0x0000000086500000, 0x0000000086600000|  0%| F|  |TAMS 0x0000000086500000| PB 0x0000000086500000| Untracked 
|  68|0x0000000086600000, 0x0000000086600000, 0x0000000086700000|  0%| F|  |TAMS 0x0000000086600000| PB 0x0000000086600000| Untracked 
|  69|0x0000000086700000, 0x0000000086700000, 0x0000000086800000|  0%| F|  |TAMS 0x0000000086700000| PB 0x0000000086700000| Untracked 
|  70|0x0000000086800000, 0x0000000086800000, 0x0000000086900000|  0%| F|  |TAMS 0x0000000086800000| PB 0x0000000086800000| Untracked 
|  71|0x0000000086900000, 0x0000000086900000, 0x0000000086a00000|  0%| F|  |TAMS 0x0000000086900000| PB 0x0000000086900000| Untracked 
|  72|0x0000000086a00000, 0x0000000086a00000, 0x0000000086b00000|  0%| F|  |TAMS 0x0000000086a00000| PB 0x0000000086a00000| Untracked 
|  73|0x0000000086b00000, 0x0000000086b00000, 0x0000000086c00000|  0%| F|  |TAMS 0x0000000086b00000| PB 0x0000000086b00000| Untracked 
|  74|0x0000000086c00000, 0x0000000086c00000, 0x0000000086d00000|  0%| F|  |TAMS 0x0000000086c00000| PB 0x0000000086c00000| Untracked 
|  75|0x0000000086d00000, 0x0000000086d00000, 0x0000000086e00000|  0%| F|  |TAMS 0x0000000086d00000| PB 0x0000000086d00000| Untracked 
|  76|0x0000000086e00000, 0x0000000086e00000, 0x0000000086f00000|  0%| F|  |TAMS 0x0000000086e00000| PB 0x0000000086e00000| Untracked 
|  77|0x0000000086f00000, 0x0000000086f00000, 0x0000000087000000|  0%| F|  |TAMS 0x0000000086f00000| PB 0x0000000086f00000| Untracked 
|  78|0x0000000087000000, 0x0000000087000000, 0x0000000087100000|  0%| F|  |TAMS 0x0000000087000000| PB 0x0000000087000000| Untracked 
|  79|0x0000000087100000, 0x0000000087100000, 0x0000000087200000|  0%| F|  |TAMS 0x0000000087100000| PB 0x0000000087100000| Untracked 
|  80|0x0000000087200000, 0x0000000087200000, 0x0000000087300000|  0%| F|  |TAMS 0x0000000087200000| PB 0x0000000087200000| Untracked 
|  81|0x0000000087300000, 0x0000000087300000, 0x0000000087400000|  0%| F|  |TAMS 0x0000000087300000| PB 0x0000000087300000| Untracked 
|  82|0x0000000087400000, 0x0000000087400000, 0x0000000087500000|  0%| F|  |TAMS 0x0000000087400000| PB 0x0000000087400000| Untracked 
|  83|0x0000000087500000, 0x0000000087500000, 0x0000000087600000|  0%| F|  |TAMS 0x0000000087500000| PB 0x0000000087500000| Untracked 
|  84|0x0000000087600000, 0x0000000087600000, 0x0000000087700000|  0%| F|  |TAMS 0x0000000087600000| PB 0x0000000087600000| Untracked 
|  85|0x0000000087700000, 0x0000000087700000, 0x0000000087800000|  0%| F|  |TAMS 0x0000000087700000| PB 0x0000000087700000| Untracked 
|  86|0x0000000087800000, 0x0000000087800000, 0x0000000087900000|  0%| F|  |TAMS 0x0000000087800000| PB 0x0000000087800000| Untracked 
|  87|0x0000000087900000, 0x0000000087900000, 0x0000000087a00000|  0%| F|  |TAMS 0x0000000087900000| PB 0x0000000087900000| Untracked 
|  88|0x0000000087a00000, 0x0000000087a00000, 0x0000000087b00000|  0%| F|  |TAMS 0x0000000087a00000| PB 0x0000000087a00000| Untracked 
|  89|0x0000000087b00000, 0x0000000087b00000, 0x0000000087c00000|  0%| F|  |TAMS 0x0000000087b00000| PB 0x0000000087b00000| Untracked 
|  90|0x0000000087c00000, 0x0000000087c00000, 0x0000000087d00000|  0%| F|  |TAMS 0x0000000087c00000| PB 0x0000000087c00000| Untracked 
|  91|0x0000000087d00000, 0x0000000087d00000, 0x0000000087e00000|  0%| F|  |TAMS 0x0000000087d00000| PB 0x0000000087d00000| Untracked 
|  92|0x0000000087e00000, 0x0000000087e00000, 0x0000000087f00000|  0%| F|  |TAMS 0x0000000087e00000| PB 0x0000000087e00000| Untracked 
|  93|0x0000000087f00000, 0x0000000087f00000, 0x0000000088000000|  0%| F|  |TAMS 0x0000000087f00000| PB 0x0000000087f00000| Untracked 
|  94|0x0000000088000000, 0x0000000088000000, 0x0000000088100000|  0%| F|  |TAMS 0x0000000088000000| PB 0x0000000088000000| Untracked 
|  95|0x0000000088100000, 0x0000000088100000, 0x0000000088200000|  0%| F|  |TAMS 0x0000000088100000| PB 0x0000000088100000| Untracked 
|  96|0x0000000088200000, 0x0000000088200000, 0x0000000088300000|  0%| F|  |TAMS 0x0000000088200000| PB 0x0000000088200000| Untracked 
|  97|0x0000000088300000, 0x0000000088300000, 0x0000000088400000|  0%| F|  |TAMS 0x0000000088300000| PB 0x0000000088300000| Untracked 
|  98|0x0000000088400000, 0x0000000088400000, 0x0000000088500000|  0%| F|  |TAMS 0x0000000088400000| PB 0x0000000088400000| Untracked 
|  99|0x0000000088500000, 0x0000000088500000, 0x0000000088600000|  0%| F|  |TAMS 0x0000000088500000| PB 0x0000000088500000| Untracked 
| 100|0x0000000088600000, 0x0000000088600000, 0x0000000088700000|  0%| F|  |TAMS 0x0000000088600000| PB 0x0000000088600000| Untracked 
| 101|0x0000000088700000, 0x0000000088700000, 0x0000000088800000|  0%| F|  |TAMS 0x0000000088700000| PB 0x0000000088700000| Untracked 
| 102|0x0000000088800000, 0x0000000088800000, 0x0000000088900000|  0%| F|  |TAMS 0x0000000088800000| PB 0x0000000088800000| Untracked 
| 103|0x0000000088900000, 0x0000000088900000, 0x0000000088a00000|  0%| F|  |TAMS 0x0000000088900000| PB 0x0000000088900000| Untracked 
| 104|0x0000000088a00000, 0x0000000088a00000, 0x0000000088b00000|  0%| F|  |TAMS 0x0000000088a00000| PB 0x0000000088a00000| Untracked 
| 105|0x0000000088b00000, 0x0000000088b00000, 0x0000000088c00000|  0%| F|  |TAMS 0x0000000088b00000| PB 0x0000000088b00000| Untracked 
| 106|0x0000000088c00000, 0x0000000088c00000, 0x0000000088d00000|  0%| F|  |TAMS 0x0000000088c00000| PB 0x0000000088c00000| Untracked 
| 107|0x0000000088d00000, 0x0000000088d00000, 0x0000000088e00000|  0%| F|  |TAMS 0x0000000088d00000| PB 0x0000000088d00000| Untracked 
| 108|0x0000000088e00000, 0x0000000088e00000, 0x0000000088f00000|  0%| F|  |TAMS 0x0000000088e00000| PB 0x0000000088e00000| Untracked 
| 109|0x0000000088f00000, 0x0000000088f00000, 0x0000000089000000|  0%| F|  |TAMS 0x0000000088f00000| PB 0x0000000088f00000| Untracked 
| 110|0x0000000089000000, 0x0000000089000000, 0x0000000089100000|  0%| F|  |TAMS 0x0000000089000000| PB 0x0000000089000000| Untracked 
| 111|0x0000000089100000, 0x0000000089100000, 0x0000000089200000|  0%| F|  |TAMS 0x0000000089100000| PB 0x0000000089100000| Untracked 
| 112|0x0000000089200000, 0x0000000089200000, 0x0000000089300000|  0%| F|  |TAMS 0x0000000089200000| PB 0x0000000089200000| Untracked 
| 113|0x0000000089300000, 0x0000000089300000, 0x0000000089400000|  0%| F|  |TAMS 0x0000000089300000| PB 0x0000000089300000| Untracked 
| 114|0x0000000089400000, 0x0000000089400000, 0x0000000089500000|  0%| F|  |TAMS 0x0000000089400000| PB 0x0000000089400000| Untracked 
| 115|0x0000000089500000, 0x0000000089500000, 0x0000000089600000|  0%| F|  |TAMS 0x0000000089500000| PB 0x0000000089500000| Untracked 
| 116|0x0000000089600000, 0x0000000089600000, 0x0000000089700000|  0%| F|  |TAMS 0x0000000089600000| PB 0x0000000089600000| Untracked 
| 117|0x0000000089700000, 0x0000000089700000, 0x0000000089800000|  0%| F|  |TAMS 0x0000000089700000| PB 0x0000000089700000| Untracked 
| 118|0x0000000089800000, 0x0000000089800000, 0x0000000089900000|  0%| F|  |TAMS 0x0000000089800000| PB 0x0000000089800000| Untracked 
| 119|0x0000000089900000, 0x0000000089900000, 0x0000000089a00000|  0%| F|  |TAMS 0x0000000089900000| PB 0x0000000089900000| Untracked 
| 120|0x0000000089a00000, 0x0000000089a00000, 0x0000000089b00000|  0%| F|  |TAMS 0x0000000089a00000| PB 0x0000000089a00000| Untracked 
| 121|0x0000000089b00000, 0x0000000089b00000, 0x0000000089c00000|  0%| F|  |TAMS 0x0000000089b00000| PB 0x0000000089b00000| Untracked 
| 122|0x0000000089c00000, 0x0000000089c00000, 0x0000000089d00000|  0%| F|  |TAMS 0x0000000089c00000| PB 0x0000000089c00000| Untracked 
| 123|0x0000000089d00000, 0x0000000089e00000, 0x0000000089e00000|100%| E|  |TAMS 0x0000000089d00000| PB 0x0000000089d00000| Complete 
| 124|0x0000000089e00000, 0x0000000089f00000, 0x0000000089f00000|100%| E|CS|TAMS 0x0000000089e00000| PB 0x0000000089e00000| Complete 
| 125|0x0000000089f00000, 0x000000008a000000, 0x000000008a000000|100%| E|CS|TAMS 0x0000000089f00000| PB 0x0000000089f00000| Complete 

Card table byte_map: [0x00000182f26f0000,0x00000182f2ae0000] _byte_map_base: 0x00000182f22df000

Marking Bits: (CMBitMap*) 0x00000182e01ef7f0
 Bits: [0x00000182f2ae0000, 0x00000182f4a58000)

Polling page: 0x00000182ddef0000

Metaspace:

Usage:
  Non-class:      6.83 MB used.
      Class:    681.83 KB used.
       Both:      7.49 MB used.

Virtual space:
  Non-class space:       64.00 MB reserved,       6.88 MB ( 11%) committed,  1 nodes.
      Class space:        1.00 GB reserved,     768.00 KB ( <1%) committed,  1 nodes.
             Both:        1.06 GB reserved,       7.62 MB ( <1%) committed. 

Chunk freelists:
   Non-Class:  8.91 MB
       Class:  15.23 MB
        Both:  24.14 MB

MaxMetaspaceSize: unlimited
CompressedClassSpaceSize: 1.00 GB
Initial GC threshold: 21.00 MB
Current GC threshold: 21.00 MB
CDS: off
 - commit_granule_bytes: 65536.
 - commit_granule_words: 8192.
 - virtual_space_node_default_size: 8388608.
 - enlarge_chunks_in_place: 1.
 - use_allocation_guard: 0.


Internal statistics:

num_allocs_failed_limit: 0.
num_arena_births: 10.
num_arena_deaths: 0.
num_vsnodes_births: 2.
num_vsnodes_deaths: 0.
num_space_committed: 122.
num_space_uncommitted: 0.
num_chunks_returned_to_freelist: 0.
num_chunks_taken_from_freelist: 38.
num_chunk_merges: 0.
num_chunk_splits: 16.
num_chunks_enlarged: 9.
num_inconsistent_stats: 0.

CodeHeap 'non-profiled nmethods': size=120000Kb used=72Kb max_used=72Kb free=119927Kb
 bounds [0x00000182eadd0000, 0x00000182eb040000, 0x00000182f2300000]
CodeHeap 'profiled nmethods': size=120000Kb used=348Kb max_used=348Kb free=119651Kb
 bounds [0x00000182e3300000, 0x00000182e3570000, 0x00000182ea830000]
CodeHeap 'non-nmethods': size=5760Kb used=1284Kb max_used=1300Kb free=4475Kb
 bounds [0x00000182ea830000, 0x00000182eaaa0000, 0x00000182eadd0000]
 total_blobs=670 nmethods=251 adapters=324
 compilation: enabled
              stopped_count=0, restarted_count=0
 full_count=0

Compilation events (20 events):
Event: 2.162 Thread 0x00000182f72230c0 nmethod 242 0x00000182eaddfc10 code [0x00000182eaddfda0, 0x00000182eaddfe68]
Event: 2.163 Thread 0x00000182f7222630 nmethod 232 0x00000182eaddff10 code [0x00000182eade00a0, 0x00000182eade0408]
Event: 2.163 Thread 0x00000182f72230c0  244       3       java.security.Provider$ServiceKey::<init> (39 bytes)
Event: 2.163 Thread 0x00000182f7222630  243       4       java.lang.Integer::parseInt (264 bytes)
Event: 2.163 Thread 0x00000182f72230c0 nmethod 244 0x00000182e3356410 code [0x00000182e3356620, 0x00000182e3356b28]
Event: 2.163 Thread 0x00000182f72230c0  245       1       java.security.Provider$UString::toString (5 bytes)
Event: 2.163 Thread 0x00000182f72230c0 nmethod 245 0x00000182eade0610 code [0x00000182eade07a0, 0x00000182eade0868]
Event: 2.164 Thread 0x00000182f72230c0  246       3       java.lang.String::toLowerCase (29 bytes)
Event: 2.164 Thread 0x00000182f72230c0 nmethod 246 0x00000182e3356d10 code [0x00000182e3356ee0, 0x00000182e3357198]
Event: 2.164 Thread 0x00000182f72230c0  247       1       java.security.Provider$Service::getProvider (5 bytes)
Event: 2.164 Thread 0x00000182f72230c0 nmethod 247 0x00000182eade0910 code [0x00000182eade0aa0, 0x00000182eade0b68]
Event: 2.164 Thread 0x00000182f72230c0  248       1       java.security.Provider$Service::getClassName (5 bytes)
Event: 2.164 Thread 0x00000182f72230c0 nmethod 248 0x00000182eade0c10 code [0x00000182eade0da0, 0x00000182eade0e68]
Event: 2.167 Thread 0x00000182f72230c0  249       1       java.lang.invoke.MethodType::form (5 bytes)
Event: 2.168 Thread 0x00000182f72230c0 nmethod 249 0x00000182eade0f10 code [0x00000182eade10a0, 0x00000182eade1168]
Event: 2.168 Thread 0x00000182f72230c0  250       1       java.lang.invoke.MethodType::ptypes (5 bytes)
Event: 2.168 Thread 0x00000182f72230c0 nmethod 250 0x00000182eade1210 code [0x00000182eade13a0, 0x00000182eade1468]
Event: 2.168 Thread 0x00000182f72230c0  251       1       java.util.Collections$EmptyIterator::hasNext (2 bytes)
Event: 2.168 Thread 0x00000182f7222630 nmethod 243 0x00000182eade1510 code [0x00000182eade16e0, 0x00000182eade1ad8]
Event: 2.168 Thread 0x00000182f72230c0 nmethod 251 0x00000182eade2010 code [0x00000182eade21a0, 0x00000182eade2268]

GC Heap History (0 events):
No events

Dll operation events (2 events):
Event: 0.679 Loaded shared library D:\Android Studio\jbr\bin\java.dll
Event: 0.807 Loaded shared library D:\Android Studio\jbr\bin\zip.dll

Deoptimization events (0 events):
No events

Classes loaded (20 events):
Event: 2.178 Loading class sun/security/ssl/SSLContextImpl
Event: 2.178 Loading class sun/security/ssl/SSLContextImpl done
Event: 2.178 Loading class sun/security/ssl/SSLContextImpl$AbstractTLSContext done
Event: 2.178 Loading class sun/security/ssl/SSLContextImpl$CustomizedTLSContext done
Event: 2.178 Loading class sun/security/ssl/SSLContextImpl$TLSContext done
Event: 2.178 Loading class sun/security/ssl/SSLLogger
Event: 2.181 Loading class sun/security/ssl/SSLLogger done
Event: 2.181 Loading class sun/security/ssl/ProtocolVersion
Event: 2.184 Loading class sun/security/ssl/ProtocolVersion done
Event: 2.185 Loading class sun/security/ssl/SSLAlgorithmConstraints
Event: 2.187 Loading class java/security/AlgorithmConstraints
Event: 2.187 Loading class java/security/AlgorithmConstraints done
Event: 2.187 Loading class sun/security/ssl/SSLAlgorithmConstraints done
Event: 2.187 Loading class sun/security/util/DisabledAlgorithmConstraints
Event: 2.190 Loading class sun/security/util/AbstractAlgorithmConstraints
Event: 2.193 Loading class sun/security/util/AbstractAlgorithmConstraints done
Event: 2.193 Loading class sun/security/util/DisabledAlgorithmConstraints done
Event: 2.194 Loading class java/util/regex/Pattern
Event: 2.201 Loading class java/util/regex/Pattern done
Event: 2.206 Loading class java/util/regex/Pattern$Node

Classes unloaded (0 events):
No events

Classes redefined (0 events):
No events

Internal exceptions (0 events):
No events

ZGC Phase Switch (0 events):
No events

VM Operations (4 events):
Event: 1.819 Executing VM operation: HandshakeAllThreads (Deoptimize)
Event: 1.820 Executing VM operation: HandshakeAllThreads (Deoptimize) done
Event: 1.856 Executing VM operation: HandshakeAllThreads (Deoptimize)
Event: 1.856 Executing VM operation: HandshakeAllThreads (Deoptimize) done

Memory protections (0 events):
No events

Nmethod flushes (0 events):
No events

Events (15 events):
Event: 0.707 Thread 0x00000182ddf507f0 Thread added: 0x00000182ddf507f0
Event: 0.969 Thread 0x00000182ddf507f0 Thread added: 0x00000182f71f9520
Event: 0.969 Thread 0x00000182ddf507f0 Thread added: 0x00000182f71fb1e0
Event: 0.973 Thread 0x00000182ddf507f0 Thread added: 0x00000182f71fc010
Event: 0.973 Thread 0x00000182ddf507f0 Thread added: 0x00000182f7210e10
Event: 0.973 Thread 0x00000182ddf507f0 Thread added: 0x00000182f7211860
Event: 0.973 Thread 0x00000182ddf507f0 Thread added: 0x00000182f72122b0
Event: 0.974 Thread 0x00000182ddf507f0 Thread added: 0x00000182f7222630
Event: 0.974 Thread 0x00000182ddf507f0 Thread added: 0x00000182f72230c0
Event: 1.050 Thread 0x00000182ddf507f0 Thread added: 0x00000182f73b5440
Event: 1.075 Thread 0x00000182ddf507f0 Thread added: 0x00000182f73c44a0
Event: 1.211 Loaded shared library D:\Android Studio\jbr\bin\net.dll
Event: 1.300 Loaded shared library D:\Android Studio\jbr\bin\nio.dll
Event: 1.593 Loaded shared library D:\Android Studio\jbr\bin\zip.dll
Event: 2.086 Loaded shared library D:\Android Studio\jbr\bin\jimage.dll


Dynamic libraries:
0x00007ff6daa40000 - 0x00007ff6daa4a000 	D:\Android Studio\jbr\bin\java.exe
0x00007ffc674f0000 - 0x00007ffc676e8000 	C:\Windows\SYSTEM32\ntdll.dll
0x00007ffc665f0000 - 0x00007ffc666b2000 	C:\Windows\System32\KERNEL32.DLL
0x00007ffc64f10000 - 0x00007ffc6520f000 	C:\Windows\System32\KERNELBASE.dll
0x00007ffc64c60000 - 0x00007ffc64d60000 	C:\Windows\System32\ucrtbase.dll
0x00007ffc5d130000 - 0x00007ffc5d14b000 	D:\Android Studio\jbr\bin\VCRUNTIME140.dll
0x00007ffc59ab0000 - 0x00007ffc59ac8000 	D:\Android Studio\jbr\bin\jli.dll
0x00007ffc671f0000 - 0x00007ffc6738d000 	C:\Windows\System32\USER32.dll
0x00007ffc4b4a0000 - 0x00007ffc4b73a000 	C:\Windows\WinSxS\amd64_microsoft.windows.common-controls_6595b64144ccf1df_6.0.19041.4355_none_60b8b9eb71f62e16\COMCTL32.dll
0x00007ffc64c30000 - 0x00007ffc64c52000 	C:\Windows\System32\win32u.dll
0x00007ffc65910000 - 0x00007ffc659ae000 	C:\Windows\System32\msvcrt.dll
0x00007ffc66810000 - 0x00007ffc6683b000 	C:\Windows\System32\GDI32.dll
0x00007ffc64df0000 - 0x00007ffc64f0a000 	C:\Windows\System32\gdi32full.dll
0x00007ffc64b90000 - 0x00007ffc64c2d000 	C:\Windows\System32\msvcp_win.dll
0x00007ffc65a90000 - 0x00007ffc65abf000 	C:\Windows\System32\IMM32.DLL
0x00007ffc621f0000 - 0x00007ffc621fc000 	D:\Android Studio\jbr\bin\vcruntime140_1.dll
0x00007ffc40450000 - 0x00007ffc404dd000 	D:\Android Studio\jbr\bin\msvcp140.dll
0x00007ffbd5190000 - 0x00007ffbd5e1a000 	D:\Android Studio\jbr\bin\server\jvm.dll
0x00007ffc655c0000 - 0x00007ffc6566f000 	C:\Windows\System32\ADVAPI32.dll
0x00007ffc65860000 - 0x00007ffc658ff000 	C:\Windows\System32\sechost.dll
0x00007ffc656d0000 - 0x00007ffc657f3000 	C:\Windows\System32\RPCRT4.dll
0x00007ffc653c0000 - 0x00007ffc653e7000 	C:\Windows\System32\bcrypt.dll
0x00007ffc65b20000 - 0x00007ffc65b8b000 	C:\Windows\System32\WS2_32.dll
0x00007ffc5ceb0000 - 0x00007ffc5ceba000 	C:\Windows\SYSTEM32\VERSION.dll
0x00007ffc5f3f0000 - 0x00007ffc5f417000 	C:\Windows\SYSTEM32\WINMM.dll
0x00007ffc649f0000 - 0x00007ffc64a3b000 	C:\Windows\SYSTEM32\POWRPROF.dll
0x00007ffc649d0000 - 0x00007ffc649e2000 	C:\Windows\SYSTEM32\UMPDC.dll
0x00007ffc62a10000 - 0x00007ffc62a22000 	C:\Windows\SYSTEM32\kernel.appcore.dll
0x00007ffc5bb60000 - 0x00007ffc5bb6a000 	D:\Android Studio\jbr\bin\jimage.dll
0x00007ffc5afb0000 - 0x00007ffc5b194000 	C:\Windows\SYSTEM32\DBGHELP.DLL
0x00007ffc5ae70000 - 0x00007ffc5aea4000 	C:\Windows\SYSTEM32\dbgcore.DLL
0x00007ffc64d60000 - 0x00007ffc64de2000 	C:\Windows\System32\bcryptPrimitives.dll
0x00007ffc59b80000 - 0x00007ffc59ba0000 	D:\Android Studio\jbr\bin\java.dll
0x00007ffc59b60000 - 0x00007ffc59b78000 	D:\Android Studio\jbr\bin\zip.dll
0x00007ffc65b90000 - 0x00007ffc662fd000 	C:\Windows\System32\SHELL32.dll
0x00007ffc62c10000 - 0x00007ffc633b4000 	C:\Windows\SYSTEM32\windows.storage.dll
0x00007ffc66960000 - 0x00007ffc66cb5000 	C:\Windows\System32\combase.dll
0x00007ffc644f0000 - 0x00007ffc6451b000 	C:\Windows\SYSTEM32\Wldp.dll
0x00007ffc66740000 - 0x00007ffc6680d000 	C:\Windows\System32\OLEAUT32.dll
0x00007ffc66cc0000 - 0x00007ffc66d6d000 	C:\Windows\System32\SHCORE.dll
0x00007ffc65800000 - 0x00007ffc65855000 	C:\Windows\System32\shlwapi.dll
0x00007ffc64ac0000 - 0x00007ffc64ae5000 	C:\Windows\SYSTEM32\profapi.dll
0x00007ffc59b40000 - 0x00007ffc59b50000 	D:\Android Studio\jbr\bin\net.dll
0x00007ffc5bce0000 - 0x00007ffc5bdea000 	C:\Windows\SYSTEM32\WINHTTP.dll
0x00007ffc64250000 - 0x00007ffc642bc000 	C:\Windows\system32\mswsock.dll
0x00007ffc4b320000 - 0x00007ffc4b336000 	D:\Android Studio\jbr\bin\nio.dll

dbghelp: loaded successfully - version: 4.0.5 - missing functions: none
symbol engine: initialized successfully - sym options: 0x614 - pdb path: .;D:\Android Studio\jbr\bin;C:\Windows\SYSTEM32;C:\Windows\WinSxS\amd64_microsoft.windows.common-controls_6595b64144ccf1df_6.0.19041.4355_none_60b8b9eb71f62e16;D:\Android Studio\jbr\bin\server

VM Arguments:
java_command: git4idea.http.GitAskPassApp Username for 'https://github.com': 
java_class_path (initial): D:/Android Studio/plugins/vcs-git/lib/git4idea-rt.jar;D:/Android Studio/lib/externalProcess-rt.jar
Launcher Type: SUN_STANDARD

[Global flags]
     intx CICompilerCount                          = 3                                         {product} {ergonomic}
     uint ConcGCThreads                            = 1                                         {product} {ergonomic}
     uint G1ConcRefinementThreads                  = 4                                         {product} {ergonomic}
   size_t G1HeapRegionSize                         = 1048576                                   {product} {ergonomic}
    uintx GCDrainStackTargetSize                   = 64                                        {product} {ergonomic}
   size_t InitialHeapSize                          = 132120576                                 {product} {ergonomic}
   size_t MarkStackSize                            = 4194304                                   {product} {ergonomic}
   size_t MaxHeapSize                              = 2111832064                                {product} {ergonomic}
   size_t MaxNewSize                               = 1266679808                                {product} {ergonomic}
   size_t MinHeapDeltaBytes                        = 1048576                                   {product} {ergonomic}
   size_t MinHeapSize                              = 8388608                                   {product} {ergonomic}
    uintx NonNMethodCodeHeapSize                   = 5832780                                {pd product} {ergonomic}
    uintx NonProfiledCodeHeapSize                  = 122912730                              {pd product} {ergonomic}
    uintx ProfiledCodeHeapSize                     = 122912730                              {pd product} {ergonomic}
    uintx ReservedCodeCacheSize                    = 251658240                              {pd product} {ergonomic}
     bool SegmentedCodeCache                       = true                                      {product} {ergonomic}
   size_t SoftMaxHeapSize                          = 2111832064                             {manageable} {ergonomic}
     bool UseCompressedOops                        = true                           {product lp64_product} {ergonomic}
     bool UseG1GC                                  = true                                      {product} {ergonomic}
     bool UseLargePagesIndividualAllocation        = false                                  {pd product} {ergonomic}

Logging:
Log output configuration:
 #0: stdout all=warning uptime,level,tags foldmultilines=false
 #1: stderr all=off uptime,level,tags foldmultilines=false

Environment Variables:
PATH=C:/Program Files/Git/mingw64/libexec/git-core;C:/Program Files/Git/mingw64/libexec/git-core;C:\Program Files\Git\mingw64\bin;C:\Program Files\Git\usr\bin;C:\Users\eugen\bin;C:\Windows\system32;C:\Windows;C:\Windows\System32\Wbem;C:\Windows\System32\WindowsPowerShell\v1.0\;C:\Windows\System32\OpenSSH\;C:\Program Files\Git\cmd;C:\Users\eugen\AppData\Local\Microsoft\WindowsApps;C:\Users\eugen\AppData\Local\Programs\cursor\resources\app\bin
USERNAME=eugen
DISPLAY=:0.0
LC_ALL=en_US.UTF-8
TERM=xterm-256color
TMPDIR=C:\Users\eugen\AppData\Local\Temp
OS=Windows_NT
PROCESSOR_IDENTIFIER=Intel64 Family 6 Model 78 Stepping 3, GenuineIntel
TMP=C:\Users\eugen\AppData\Local\Temp
TEMP=C:\Users\eugen\AppData\Local\Temp




Periodic native trim disabled

JNI global refs:
JNI global refs: 7, weak refs: 0

JNI global refs memory usage: 835, weak refs: 201

Process memory usage:
Resident Set Size: 38928K (0% of 8246404K total physical memory with 429076K free physical memory)

OOME stack traces (most recent first):
Classloader memory used:
Loader bootstrap                                                                       : 7564K
Loader jdk.internal.loader.ClassLoaders$PlatformClassLoader                            : 94816B
Loader jdk.internal.loader.ClassLoaders$AppClassLoader                                 : 16400B

---------------  S Y S T E M  ---------------

OS:
 Windows 10 , 64 bit Build 19041 (10.0.19041.5438)
OS uptime: 23 days 4:50 hours

CPU: total 4 (initial active 4) (2 cores per cpu, 2 threads per core) family 6 model 78 stepping 3 microcode 0xcc, cx8, cmov, fxsr, ht, mmx, 3dnowpref, sse, sse2, sse3, ssse3, sse4.1, sse4.2, popcnt, lzcnt, tsc, tscinvbit, avx, avx2, aes, erms, clmul, bmi1, bmi2, adx, fma, vzeroupper, clflush, clflushopt, rdtscp, f16c
Processor Information for all 4 processors :
  Max Mhz: 2592, Current Mhz: 2492, Mhz Limit: 2488

Memory: 4k page, system-wide physical 8053M (419M free)
TotalPageFile size 17596M (AvailPageFile size 0M)
current process WorkingSet (physical memory assigned to process): 38M, peak: 38M
current process commit charge ("private bytes"): 195M, peak: 197M

vm_info: OpenJDK 64-Bit Server VM (21.0.5+-12932927-b750.29) for windows-amd64 JRE (21.0.5+-12932927-b750.29), built on 2025-01-17T02:01:10Z by "builder" with MS VC++ 16.10 / 16.11 (VS2019)

END.
